*** Starting uWSGI 2.0.15 (64bit) on [Mon Aug 14 21:05:30 2017] ***
compiled with version: 5.4.0 20160609 on 31 July 2017 22:03:48
os: Linux-4.4.0-82-generic #105-Ubuntu SMP Tue Jun 20 15:23:02 UTC 2017
nodename: iZuf6ijmrejjh7nxfym9bfZ
machine: x86_64
clock source: unix
detected number of CPU cores: 1
current working directory: /home/phamnuwen/myproject/flaskPractice02
detected binary path: /usr/local/bin/uwsgi
!!! no internal routing support, rebuild with pcre support !!!
*** WARNING: you are running uWSGI without its master process manager ***
your processes number limit is 3825
your memory page size is 4096 bytes
detected max file descriptor number: 65535
lock engine: pthread robust mutexes
thunder lock: disabled (you can enable it with --thunder-lock)
uwsgi socket 0 bound to TCP address 127.0.0.1:3031 fd 3
Python version: 3.5.2 (default, Nov 17 2016, 17:05:23)  [GCC 5.4.0 20160609]
Set PythonHome to env
*** Python threads support is disabled. You can enable it with --enable-threads ***
Python main interpreter initialized at 0x15c8720
your server socket listen backlog is limited to 100 connections
your mercy for graceful operations on workers is 60 seconds
mapped 72760 bytes (71 KB) for 1 cores
*** Operational MODE: single process ***
/home/phamnuwen/myproject/flaskPractice02/env/local/lib/python3.5/site-packages/flask_sqlalchemy/__init__.py:839: FSADeprecationWarning: SQLALCHEMY_TRACK_MODIFICATIONS adds significant overhead and will be disabled by default in the future.  Set it to True or False to suppress this warning.
  'SQLALCHEMY_TRACK_MODIFICATIONS adds significant overhead and '
WSGI app 0 (mountpoint='') ready in 1 seconds on interpreter 0x15c8720 pid: 12262 (default app)
*** uWSGI is running in multiple interpreter mode ***
spawned uWSGI worker 1 (and the only) (pid: 12262, cores: 1)
Gracefully killing worker 1 (pid: 12262)...
*** Starting uWSGI 2.0.15 (64bit) on [Mon Aug 14 21:06:34 2017] ***
compiled with version: 5.4.0 20160609 on 31 July 2017 22:03:48
os: Linux-4.4.0-82-generic #105-Ubuntu SMP Tue Jun 20 15:23:02 UTC 2017
nodename: iZuf6ijmrejjh7nxfym9bfZ
machine: x86_64
clock source: unix
detected number of CPU cores: 1
current working directory: /home/phamnuwen/myproject/flaskPractice02
detected binary path: /usr/local/bin/uwsgi
!!! no internal routing support, rebuild with pcre support !!!
*** WARNING: you are running uWSGI without its master process manager ***
your processes number limit is 3825
your memory page size is 4096 bytes
detected max file descriptor number: 65535
lock engine: pthread robust mutexes
thunder lock: disabled (you can enable it with --thunder-lock)
uwsgi socket 0 bound to TCP address 127.0.0.1:3031 fd 3
Python version: 3.5.2 (default, Nov 17 2016, 17:05:23)  [GCC 5.4.0 20160609]
Set PythonHome to env
*** Python threads support is disabled. You can enable it with --enable-threads ***
Python main interpreter initialized at 0x1890710
your server socket listen backlog is limited to 100 connections
your mercy for graceful operations on workers is 60 seconds
mapped 72760 bytes (71 KB) for 1 cores
*** Operational MODE: single process ***
/home/phamnuwen/myproject/flaskPractice02/env/local/lib/python3.5/site-packages/flask_sqlalchemy/__init__.py:839: FSADeprecationWarning: SQLALCHEMY_TRACK_MODIFICATIONS adds significant overhead and will be disabled by default in the future.  Set it to True or False to suppress this warning.
  'SQLALCHEMY_TRACK_MODIFICATIONS adds significant overhead and '
WSGI app 0 (mountpoint='') ready in 0 seconds on interpreter 0x1890710 pid: 12647 (default app)
*** uWSGI is running in multiple interpreter mode ***
spawned uWSGI worker 1 (and the only) (pid: 12647, cores: 1)
Gracefully killing worker 1 (pid: 12647)...
*** Starting uWSGI 2.0.15 (64bit) on [Mon Aug 14 21:07:12 2017] ***
compiled with version: 5.4.0 20160609 on 31 July 2017 22:03:48
os: Linux-4.4.0-82-generic #105-Ubuntu SMP Tue Jun 20 15:23:02 UTC 2017
nodename: iZuf6ijmrejjh7nxfym9bfZ
machine: x86_64
clock source: unix
detected number of CPU cores: 1
current working directory: /home/phamnuwen/myproject/flaskPractice02
detected binary path: /usr/local/bin/uwsgi
!!! no internal routing support, rebuild with pcre support !!!
*** WARNING: you are running uWSGI without its master process manager ***
your processes number limit is 3825
your memory page size is 4096 bytes
detected max file descriptor number: 65535
lock engine: pthread robust mutexes
thunder lock: disabled (you can enable it with --thunder-lock)
uwsgi socket 0 bound to TCP address 127.0.0.1:3031 fd 3
Python version: 3.5.2 (default, Nov 17 2016, 17:05:23)  [GCC 5.4.0 20160609]
Set PythonHome to env
*** Python threads support is disabled. You can enable it with --enable-threads ***
Python main interpreter initialized at 0x1971710
your server socket listen backlog is limited to 100 connections
your mercy for graceful operations on workers is 60 seconds
mapped 72760 bytes (71 KB) for 1 cores
*** Operational MODE: single process ***
/home/phamnuwen/myproject/flaskPractice02/env/local/lib/python3.5/site-packages/flask_sqlalchemy/__init__.py:839: FSADeprecationWarning: SQLALCHEMY_TRACK_MODIFICATIONS adds significant overhead and will be disabled by default in the future.  Set it to True or False to suppress this warning.
  'SQLALCHEMY_TRACK_MODIFICATIONS adds significant overhead and '
WSGI app 0 (mountpoint='') ready in 0 seconds on interpreter 0x1971710 pid: 13031 (default app)
*** uWSGI is running in multiple interpreter mode ***
spawned uWSGI worker 1 (and the only) (pid: 13031, cores: 1)
2017-08-14 21:07:17,112 INFO sqlalchemy.engine.base.Engine SHOW VARIABLES LIKE 'sql_mode'
2017-08-14 21:07:17,112 INFO sqlalchemy.engine.base.Engine ()
2017-08-14 21:07:17,114 INFO sqlalchemy.engine.base.Engine SELECT DATABASE()
2017-08-14 21:07:17,115 INFO sqlalchemy.engine.base.Engine ()
2017-08-14 21:07:17,116 INFO sqlalchemy.engine.base.Engine show collation where `Charset` = 'utf8' and `Collation` = 'utf8_bin'
2017-08-14 21:07:17,116 INFO sqlalchemy.engine.base.Engine ()
2017-08-14 21:07:17,117 INFO sqlalchemy.engine.base.Engine SELECT CAST('test plain returns' AS CHAR(60)) AS anon_1
2017-08-14 21:07:17,118 INFO sqlalchemy.engine.base.Engine ()
2017-08-14 21:07:17,120 INFO sqlalchemy.engine.base.Engine SELECT CAST('test unicode returns' AS CHAR(60)) AS anon_1
2017-08-14 21:07:17,120 INFO sqlalchemy.engine.base.Engine ()
2017-08-14 21:07:17,121 INFO sqlalchemy.engine.base.Engine SELECT CAST('test collated returns' AS CHAR CHARACTER SET utf8) COLLATE utf8_bin AS anon_1
2017-08-14 21:07:17,121 INFO sqlalchemy.engine.base.Engine ()
2017-08-14 21:07:17,122 INFO sqlalchemy.engine.base.Engine BEGIN (implicit)
2017-08-14 21:07:17,123 INFO sqlalchemy.engine.base.Engine SELECT blog.id AS blog_id, blog.title AS blog_title, blog.body AS blog_body, blog.img AS blog_img, blog.gmt_create AS blog_gmt_create, blog.is_recommend AS blog_is_recommend, blog.author_id AS blog_author_id 
FROM blog ORDER BY blog.id DESC
2017-08-14 21:07:17,123 INFO sqlalchemy.engine.base.Engine ()
2017-08-14 21:07:17,126 INFO sqlalchemy.engine.base.Engine SELECT blog.id AS blog_id, blog.title AS blog_title, blog.body AS blog_body, blog.img AS blog_img, blog.gmt_create AS blog_gmt_create, blog.is_recommend AS blog_is_recommend, blog.author_id AS blog_author_id 
FROM blog 
WHERE blog.is_recommend = %s ORDER BY blog.id DESC
2017-08-14 21:07:17,126 INFO sqlalchemy.engine.base.Engine (1,)
2017-08-14 21:07:17,176 INFO sqlalchemy.engine.base.Engine INSERT INTO ip (ip) VALUES (%s)
2017-08-14 21:07:17,176 INFO sqlalchemy.engine.base.Engine ('183.156.104.205',)
2017-08-14 21:07:17,177 INFO sqlalchemy.engine.base.Engine COMMIT
[pid: 13031|app: 0|req: 1/1] 183.156.104.205 () {44 vars in 1014 bytes} [Mon Aug 14 21:07:17 2017] GET / => generated 10452 bytes in 107 msecs (HTTP/1.1 200) 2 headers in 82 bytes (1 switches on core 0)
./app/views/main.py:39: FlaskWTFDeprecationWarning: "flask_wtf.Form" has been renamed to "FlaskForm" and will be removed in 1.0.
  comment_form = CommentForm()
2017-08-14 21:07:21,189 INFO sqlalchemy.engine.base.Engine BEGIN (implicit)
2017-08-14 21:07:21,189 INFO sqlalchemy.engine.base.Engine SELECT blog.id AS blog_id, blog.title AS blog_title, blog.body AS blog_body, blog.img AS blog_img, blog.gmt_create AS blog_gmt_create, blog.is_recommend AS blog_is_recommend, blog.author_id AS blog_author_id 
FROM blog 
WHERE blog.id = %s 
 LIMIT %s
2017-08-14 21:07:21,189 INFO sqlalchemy.engine.base.Engine ('17', 1)
2017-08-14 21:07:21,193 INFO sqlalchemy.engine.base.Engine SELECT comment.id AS comment_id, comment.user_id AS comment_user_id, comment.gmt_create AS comment_gmt_create, comment.reply_id AS comment_reply_id, comment.comment_content AS comment_comment_content, comment.comment_blog_id AS comment_comment_blog_id 
FROM comment 
WHERE comment.comment_blog_id = %s AND comment.reply_id IS NULL
2017-08-14 21:07:21,193 INFO sqlalchemy.engine.base.Engine ('17',)
2017-08-14 21:07:21,197 INFO sqlalchemy.engine.base.Engine SELECT blog.id AS blog_id, blog.title AS blog_title, blog.body AS blog_body, blog.img AS blog_img, blog.gmt_create AS blog_gmt_create, blog.is_recommend AS blog_is_recommend, blog.author_id AS blog_author_id 
FROM blog 
WHERE blog.is_recommend = %s ORDER BY blog.id DESC
2017-08-14 21:07:21,197 INFO sqlalchemy.engine.base.Engine (1,)
2017-08-14 21:07:21,232 INFO sqlalchemy.engine.base.Engine INSERT INTO ip (ip) VALUES (%s)
2017-08-14 21:07:21,232 INFO sqlalchemy.engine.base.Engine ('183.156.104.205',)
2017-08-14 21:07:21,234 INFO sqlalchemy.engine.base.Engine COMMIT
[pid: 13031|app: 0|req: 2/2] 183.156.104.205 () {44 vars in 1039 bytes} [Mon Aug 14 21:07:21 2017] GET /single/17 => generated 16129 bytes in 58 msecs (HTTP/1.1 200) 3 headers in 253 bytes (1 switches on core 0)
Gracefully killing worker 1 (pid: 13031)...
/home/phamnuwen/myproject/flaskPractice02/env/local/lib/python3.5/site-packages/flask_sqlalchemy/__init__.py:839: FSADeprecationWarning: SQLALCHEMY_TRACK_MODIFICATIONS adds significant overhead and will be disabled by default in the future.  Set it to True or False to suppress this warning.
  'SQLALCHEMY_TRACK_MODIFICATIONS adds significant overhead and '
 * Running on http://127.0.0.1:5000/ (Press CTRL+C to quit)
/home/phamnuwen/myproject/flaskPractice02/env/local/lib/python3.5/site-packages/flask_sqlalchemy/__init__.py:839: FSADeprecationWarning: SQLALCHEMY_TRACK_MODIFICATIONS adds significant overhead and will be disabled by default in the future.  Set it to True or False to suppress this warning.
  'SQLALCHEMY_TRACK_MODIFICATIONS adds significant overhead and '
 * Running on http://0.0.0.0:5000/ (Press CTRL+C to quit)
Traceback (most recent call last):
  File "run.py", line 2, in <module>
    from app import create_app, db
  File "/home/phamnuwen/myproject/flaskPractice02/app/__init__.py", line 3, in <module>
    from flask_login import LoginManager
ImportError: No module named 'flask_login'
/home/phamnuwen/myproject/flaskPractice02/env/local/lib/python3.5/site-packages/flask_sqlalchemy/__init__.py:839: FSADeprecationWarning: SQLALCHEMY_TRACK_MODIFICATIONS adds significant overhead and will be disabled by default in the future.  Set it to True or False to suppress this warning.
  'SQLALCHEMY_TRACK_MODIFICATIONS adds significant overhead and '
Traceback (most recent call last):
  File "run.py", line 26, in <module>
    manager.run()
  File "/home/phamnuwen/myproject/flaskPractice02/env/local/lib/python3.5/site-packages/flask_script/__init__.py", line 412, in run
    result = self.handle(sys.argv[0], sys.argv[1:])
  File "/home/phamnuwen/myproject/flaskPractice02/env/local/lib/python3.5/site-packages/flask_script/__init__.py", line 383, in handle
    res = handle(*args, **config)
  File "/home/phamnuwen/myproject/flaskPractice02/env/local/lib/python3.5/site-packages/flask_script/commands.py", line 425, in __call__
    **self.server_options)
  File "/home/phamnuwen/myproject/flaskPractice02/env/local/lib/python3.5/site-packages/flask/app.py", line 841, in run
    run_simple(host, port, self, **options)
  File "/home/phamnuwen/myproject/flaskPractice02/env/local/lib/python3.5/site-packages/werkzeug/serving.py", line 739, in run_simple
    inner()
  File "/home/phamnuwen/myproject/flaskPractice02/env/local/lib/python3.5/site-packages/werkzeug/serving.py", line 699, in inner
    fd=fd)
  File "/home/phamnuwen/myproject/flaskPractice02/env/local/lib/python3.5/site-packages/werkzeug/serving.py", line 593, in make_server
    passthrough_errors, ssl_context, fd=fd)
  File "/home/phamnuwen/myproject/flaskPractice02/env/local/lib/python3.5/site-packages/werkzeug/serving.py", line 504, in __init__
    HTTPServer.__init__(self, (host, int(port)), handler)
  File "/usr/lib/python3.5/socketserver.py", line 440, in __init__
    self.server_bind()
  File "/usr/lib/python3.5/http/server.py", line 138, in server_bind
    socketserver.TCPServer.server_bind(self)
  File "/usr/lib/python3.5/socketserver.py", line 454, in server_bind
    self.socket.bind(self.server_address)
OSError: [Errno 98] Address already in use
2017-08-14 21:15:23,090 INFO sqlalchemy.engine.base.Engine SHOW VARIABLES LIKE 'sql_mode'
2017-08-14 21:15:23,090 INFO sqlalchemy.engine.base.Engine ()
2017-08-14 21:15:23,093 INFO sqlalchemy.engine.base.Engine SELECT DATABASE()
2017-08-14 21:15:23,093 INFO sqlalchemy.engine.base.Engine ()
2017-08-14 21:15:23,095 INFO sqlalchemy.engine.base.Engine show collation where `Charset` = 'utf8' and `Collation` = 'utf8_bin'
2017-08-14 21:15:23,095 INFO sqlalchemy.engine.base.Engine ()
2017-08-14 21:15:23,097 INFO sqlalchemy.engine.base.Engine SELECT CAST('test plain returns' AS CHAR(60)) AS anon_1
2017-08-14 21:15:23,098 INFO sqlalchemy.engine.base.Engine ()
2017-08-14 21:15:23,099 INFO sqlalchemy.engine.base.Engine SELECT CAST('test unicode returns' AS CHAR(60)) AS anon_1
2017-08-14 21:15:23,099 INFO sqlalchemy.engine.base.Engine ()
2017-08-14 21:15:23,100 INFO sqlalchemy.engine.base.Engine SELECT CAST('test collated returns' AS CHAR CHARACTER SET utf8) COLLATE utf8_bin AS anon_1
2017-08-14 21:15:23,100 INFO sqlalchemy.engine.base.Engine ()
2017-08-14 21:15:23,102 INFO sqlalchemy.engine.base.Engine BEGIN (implicit)
2017-08-14 21:15:23,103 INFO sqlalchemy.engine.base.Engine SELECT blog.id AS blog_id, blog.title AS blog_title, blog.body AS blog_body, blog.img AS blog_img, blog.gmt_create AS blog_gmt_create, blog.is_recommend AS blog_is_recommend, blog.author_id AS blog_author_id 
FROM blog ORDER BY blog.id DESC
2017-08-14 21:15:23,103 INFO sqlalchemy.engine.base.Engine ()
2017-08-14 21:15:23,107 INFO sqlalchemy.engine.base.Engine SELECT blog.id AS blog_id, blog.title AS blog_title, blog.body AS blog_body, blog.img AS blog_img, blog.gmt_create AS blog_gmt_create, blog.is_recommend AS blog_is_recommend, blog.author_id AS blog_author_id 
FROM blog 
WHERE blog.is_recommend = %s ORDER BY blog.id DESC
2017-08-14 21:15:23,107 INFO sqlalchemy.engine.base.Engine (1,)
2017-08-14 21:15:23,142 INFO sqlalchemy.engine.base.Engine INSERT INTO ip (ip) VALUES (%s)
2017-08-14 21:15:23,143 INFO sqlalchemy.engine.base.Engine ('183.156.104.205',)
2017-08-14 21:15:23,144 INFO sqlalchemy.engine.base.Engine COMMIT
183.156.104.205 - - [14/Aug/2017 21:15:23] "GET / HTTP/1.1" 200 -
2017-08-14 21:15:40,804 INFO sqlalchemy.engine.base.Engine BEGIN (implicit)
2017-08-14 21:15:40,805 INFO sqlalchemy.engine.base.Engine SELECT blog.id AS blog_id, blog.title AS blog_title, blog.body AS blog_body, blog.img AS blog_img, blog.gmt_create AS blog_gmt_create, blog.is_recommend AS blog_is_recommend, blog.author_id AS blog_author_id 
FROM blog ORDER BY blog.id DESC
2017-08-14 21:15:40,806 INFO sqlalchemy.engine.base.Engine ()
2017-08-14 21:15:40,809 INFO sqlalchemy.engine.base.Engine SELECT blog.id AS blog_id, blog.title AS blog_title, blog.body AS blog_body, blog.img AS blog_img, blog.gmt_create AS blog_gmt_create, blog.is_recommend AS blog_is_recommend, blog.author_id AS blog_author_id 
FROM blog 
WHERE blog.is_recommend = %s ORDER BY blog.id DESC
2017-08-14 21:15:40,809 INFO sqlalchemy.engine.base.Engine (1,)
2017-08-14 21:15:40,814 INFO sqlalchemy.engine.base.Engine INSERT INTO ip (ip) VALUES (%s)
2017-08-14 21:15:40,815 INFO sqlalchemy.engine.base.Engine ('183.156.104.205',)
2017-08-14 21:15:40,816 INFO sqlalchemy.engine.base.Engine COMMIT
183.156.104.205 - - [14/Aug/2017 21:15:40] "GET / HTTP/1.1" 200 -
2017-08-14 21:15:48,584 INFO sqlalchemy.engine.base.Engine BEGIN (implicit)
2017-08-14 21:15:48,586 INFO sqlalchemy.engine.base.Engine SELECT blog.id AS blog_id, blog.title AS blog_title, blog.body AS blog_body, blog.img AS blog_img, blog.gmt_create AS blog_gmt_create, blog.is_recommend AS blog_is_recommend, blog.author_id AS blog_author_id 
FROM blog ORDER BY blog.id DESC
2017-08-14 21:15:48,586 INFO sqlalchemy.engine.base.Engine ()
2017-08-14 21:15:48,588 INFO sqlalchemy.engine.base.Engine SELECT blog.id AS blog_id, blog.title AS blog_title, blog.body AS blog_body, blog.img AS blog_img, blog.gmt_create AS blog_gmt_create, blog.is_recommend AS blog_is_recommend, blog.author_id AS blog_author_id 
FROM blog 
WHERE blog.is_recommend = %s ORDER BY blog.id DESC
2017-08-14 21:15:48,588 INFO sqlalchemy.engine.base.Engine (1,)
2017-08-14 21:15:48,592 INFO sqlalchemy.engine.base.Engine INSERT INTO ip (ip) VALUES (%s)
2017-08-14 21:15:48,592 INFO sqlalchemy.engine.base.Engine ('183.156.104.205',)
2017-08-14 21:15:48,592 INFO sqlalchemy.engine.base.Engine COMMIT
183.156.104.205 - - [14/Aug/2017 21:15:48] "GET / HTTP/1.1" 200 -
2017-08-14 21:15:48,661 INFO sqlalchemy.engine.base.Engine BEGIN (implicit)
2017-08-14 21:15:48,661 INFO sqlalchemy.engine.base.Engine INSERT INTO ip (ip) VALUES (%s)
2017-08-14 21:15:48,662 INFO sqlalchemy.engine.base.Engine ('183.156.104.205',)
2017-08-14 21:15:48,663 INFO sqlalchemy.engine.base.Engine COMMIT
183.156.104.205 - - [14/Aug/2017 21:15:48] "GET /_uploads/photos/FullSizeRender.jpg HTTP/1.1" 404 -
2017-08-14 21:16:02,582 INFO sqlalchemy.engine.base.Engine BEGIN (implicit)
2017-08-14 21:16:02,586 INFO sqlalchemy.engine.base.Engine SELECT blog.id AS blog_id, blog.title AS blog_title, blog.body AS blog_body, blog.img AS blog_img, blog.gmt_create AS blog_gmt_create, blog.is_recommend AS blog_is_recommend, blog.author_id AS blog_author_id 
FROM blog ORDER BY blog.id DESC
2017-08-14 21:16:02,586 INFO sqlalchemy.engine.base.Engine ()
2017-08-14 21:16:02,589 INFO sqlalchemy.engine.base.Engine SELECT blog.id AS blog_id, blog.title AS blog_title, blog.body AS blog_body, blog.img AS blog_img, blog.gmt_create AS blog_gmt_create, blog.is_recommend AS blog_is_recommend, blog.author_id AS blog_author_id 
FROM blog 
WHERE blog.is_recommend = %s ORDER BY blog.id DESC
2017-08-14 21:16:02,589 INFO sqlalchemy.engine.base.Engine (1,)
2017-08-14 21:16:02,593 INFO sqlalchemy.engine.base.Engine INSERT INTO ip (ip) VALUES (%s)
2017-08-14 21:16:02,593 INFO sqlalchemy.engine.base.Engine ('183.156.104.205',)
2017-08-14 21:16:02,595 INFO sqlalchemy.engine.base.Engine COMMIT
183.156.104.205 - - [14/Aug/2017 21:16:02] "GET / HTTP/1.1" 200 -
2017-08-14 21:16:07,505 INFO sqlalchemy.engine.base.Engine BEGIN (implicit)
2017-08-14 21:16:07,505 INFO sqlalchemy.engine.base.Engine INSERT INTO ip (ip) VALUES (%s)
2017-08-14 21:16:07,505 INFO sqlalchemy.engine.base.Engine ('183.156.104.205',)
2017-08-14 21:16:07,506 INFO sqlalchemy.engine.base.Engine COMMIT
183.156.104.205 - - [14/Aug/2017 21:16:07] "GET /about HTTP/1.1" 200 -
2017-08-14 21:16:07,514 INFO sqlalchemy.engine.base.Engine BEGIN (implicit)
2017-08-14 21:16:07,514 INFO sqlalchemy.engine.base.Engine SELECT blog.id AS blog_id, blog.title AS blog_title, blog.body AS blog_body, blog.img AS blog_img, blog.gmt_create AS blog_gmt_create, blog.is_recommend AS blog_is_recommend, blog.author_id AS blog_author_id 
FROM blog ORDER BY blog.id DESC
2017-08-14 21:16:07,514 INFO sqlalchemy.engine.base.Engine ()
2017-08-14 21:16:07,516 INFO sqlalchemy.engine.base.Engine SELECT blog.id AS blog_id, blog.title AS blog_title, blog.body AS blog_body, blog.img AS blog_img, blog.gmt_create AS blog_gmt_create, blog.is_recommend AS blog_is_recommend, blog.author_id AS blog_author_id 
FROM blog 
WHERE blog.is_recommend = %s ORDER BY blog.id DESC
2017-08-14 21:16:07,516 INFO sqlalchemy.engine.base.Engine (1,)
2017-08-14 21:16:07,519 INFO sqlalchemy.engine.base.Engine INSERT INTO ip (ip) VALUES (%s)
2017-08-14 21:16:07,520 INFO sqlalchemy.engine.base.Engine ('183.156.104.205',)
2017-08-14 21:16:07,520 INFO sqlalchemy.engine.base.Engine COMMIT
183.156.104.205 - - [14/Aug/2017 21:16:07] "GET / HTTP/1.1" 200 -
2017-08-14 21:16:08,705 INFO sqlalchemy.engine.base.Engine BEGIN (implicit)
2017-08-14 21:16:08,706 INFO sqlalchemy.engine.base.Engine SELECT blog.id AS blog_id, blog.title AS blog_title, blog.body AS blog_body, blog.img AS blog_img, blog.gmt_create AS blog_gmt_create, blog.is_recommend AS blog_is_recommend, blog.author_id AS blog_author_id 
FROM blog ORDER BY blog.id DESC
2017-08-14 21:16:08,706 INFO sqlalchemy.engine.base.Engine ()
2017-08-14 21:16:08,708 INFO sqlalchemy.engine.base.Engine SELECT blog.id AS blog_id, blog.title AS blog_title, blog.body AS blog_body, blog.img AS blog_img, blog.gmt_create AS blog_gmt_create, blog.is_recommend AS blog_is_recommend, blog.author_id AS blog_author_id 
FROM blog 
WHERE blog.is_recommend = %s ORDER BY blog.id DESC
2017-08-14 21:16:08,708 INFO sqlalchemy.engine.base.Engine (1,)
2017-08-14 21:16:08,711 INFO sqlalchemy.engine.base.Engine INSERT INTO ip (ip) VALUES (%s)
2017-08-14 21:16:08,712 INFO sqlalchemy.engine.base.Engine ('183.156.104.205',)
2017-08-14 21:16:08,712 INFO sqlalchemy.engine.base.Engine COMMIT
183.156.104.205 - - [14/Aug/2017 21:16:08] "GET / HTTP/1.1" 200 -
2017-08-14 21:16:08,754 INFO sqlalchemy.engine.base.Engine BEGIN (implicit)
2017-08-14 21:16:08,755 INFO sqlalchemy.engine.base.Engine INSERT INTO ip (ip) VALUES (%s)
2017-08-14 21:16:08,755 INFO sqlalchemy.engine.base.Engine ('183.156.104.205',)
2017-08-14 21:16:08,756 INFO sqlalchemy.engine.base.Engine COMMIT
183.156.104.205 - - [14/Aug/2017 21:16:08] "GET /_uploads/photos/FullSizeRender.jpg HTTP/1.1" 404 -
2017-08-14 21:16:08,763 INFO sqlalchemy.engine.base.Engine BEGIN (implicit)
2017-08-14 21:16:08,763 INFO sqlalchemy.engine.base.Engine INSERT INTO ip (ip) VALUES (%s)
2017-08-14 21:16:08,763 INFO sqlalchemy.engine.base.Engine ('183.156.104.205',)
2017-08-14 21:16:08,764 INFO sqlalchemy.engine.base.Engine COMMIT
183.156.104.205 - - [14/Aug/2017 21:16:08] "GET /_uploads/photos/FullSizeRender.jpg HTTP/1.1" 404 -
2017-08-14 21:16:10,062 INFO sqlalchemy.engine.base.Engine BEGIN (implicit)
2017-08-14 21:16:10,063 INFO sqlalchemy.engine.base.Engine INSERT INTO ip (ip) VALUES (%s)
2017-08-14 21:16:10,063 INFO sqlalchemy.engine.base.Engine ('183.156.104.205',)
2017-08-14 21:16:10,066 INFO sqlalchemy.engine.base.Engine COMMIT
183.156.104.205 - - [14/Aug/2017 21:16:10] "GET /about HTTP/1.1" 200 -
2017-08-14 21:16:10,840 INFO sqlalchemy.engine.base.Engine BEGIN (implicit)
2017-08-14 21:16:10,840 INFO sqlalchemy.engine.base.Engine SELECT blog.id AS blog_id, blog.title AS blog_title, blog.body AS blog_body, blog.img AS blog_img, blog.gmt_create AS blog_gmt_create, blog.is_recommend AS blog_is_recommend, blog.author_id AS blog_author_id 
FROM blog ORDER BY blog.id DESC
2017-08-14 21:16:10,841 INFO sqlalchemy.engine.base.Engine ()
2017-08-14 21:16:10,843 INFO sqlalchemy.engine.base.Engine SELECT blog.id AS blog_id, blog.title AS blog_title, blog.body AS blog_body, blog.img AS blog_img, blog.gmt_create AS blog_gmt_create, blog.is_recommend AS blog_is_recommend, blog.author_id AS blog_author_id 
FROM blog 
WHERE blog.is_recommend = %s ORDER BY blog.id DESC
2017-08-14 21:16:10,843 INFO sqlalchemy.engine.base.Engine (1,)
2017-08-14 21:16:10,847 INFO sqlalchemy.engine.base.Engine INSERT INTO ip (ip) VALUES (%s)
2017-08-14 21:16:10,847 INFO sqlalchemy.engine.base.Engine ('183.156.104.205',)
2017-08-14 21:16:10,848 INFO sqlalchemy.engine.base.Engine COMMIT
183.156.104.205 - - [14/Aug/2017 21:16:10] "GET / HTTP/1.1" 200 -
2017-08-14 21:16:10,898 INFO sqlalchemy.engine.base.Engine BEGIN (implicit)
2017-08-14 21:16:10,898 INFO sqlalchemy.engine.base.Engine INSERT INTO ip (ip) VALUES (%s)
2017-08-14 21:16:10,898 INFO sqlalchemy.engine.base.Engine ('183.156.104.205',)
2017-08-14 21:16:10,899 INFO sqlalchemy.engine.base.Engine COMMIT
183.156.104.205 - - [14/Aug/2017 21:16:10] "GET /_uploads/photos/FullSizeRender.jpg HTTP/1.1" 404 -
*** Starting uWSGI 2.0.15 (64bit) on [Mon Aug 14 21:19:58 2017] ***
compiled with version: 5.4.0 20160609 on 31 July 2017 22:03:48
os: Linux-4.4.0-82-generic #105-Ubuntu SMP Tue Jun 20 15:23:02 UTC 2017
nodename: iZuf6ijmrejjh7nxfym9bfZ
machine: x86_64
clock source: unix
detected number of CPU cores: 1
current working directory: /home/phamnuwen/myproject/flaskPractice02
detected binary path: /usr/local/bin/uwsgi
!!! no internal routing support, rebuild with pcre support !!!
*** WARNING: you are running uWSGI without its master process manager ***
your processes number limit is 3825
your memory page size is 4096 bytes
detected max file descriptor number: 65535
lock engine: pthread robust mutexes
thunder lock: disabled (you can enable it with --thunder-lock)
uwsgi socket 0 bound to TCP address 127.0.0.1:3031 fd 3
Python version: 3.5.2 (default, Nov 17 2016, 17:05:23)  [GCC 5.4.0 20160609]
Set PythonHome to env
*** Python threads support is disabled. You can enable it with --enable-threads ***
Python main interpreter initialized at 0x228d710
your server socket listen backlog is limited to 100 connections
your mercy for graceful operations on workers is 60 seconds
mapped 72760 bytes (71 KB) for 1 cores
*** Operational MODE: single process ***
/home/phamnuwen/myproject/flaskPractice02/env/local/lib/python3.5/site-packages/flask_sqlalchemy/__init__.py:839: FSADeprecationWarning: SQLALCHEMY_TRACK_MODIFICATIONS adds significant overhead and will be disabled by default in the future.  Set it to True or False to suppress this warning.
  'SQLALCHEMY_TRACK_MODIFICATIONS adds significant overhead and '
WSGI app 0 (mountpoint='') ready in 0 seconds on interpreter 0x228d710 pid: 15247 (default app)
*** uWSGI is running in multiple interpreter mode ***
spawned uWSGI worker 1 (and the only) (pid: 15247, cores: 1)
2017-08-14 21:21:03,979 INFO sqlalchemy.engine.base.Engine SHOW VARIABLES LIKE 'sql_mode'
2017-08-14 21:21:03,979 INFO sqlalchemy.engine.base.Engine ()
2017-08-14 21:21:03,983 INFO sqlalchemy.engine.base.Engine SELECT DATABASE()
2017-08-14 21:21:03,983 INFO sqlalchemy.engine.base.Engine ()
2017-08-14 21:21:03,984 INFO sqlalchemy.engine.base.Engine show collation where `Charset` = 'utf8' and `Collation` = 'utf8_bin'
2017-08-14 21:21:03,984 INFO sqlalchemy.engine.base.Engine ()
2017-08-14 21:21:03,986 INFO sqlalchemy.engine.base.Engine SELECT CAST('test plain returns' AS CHAR(60)) AS anon_1
2017-08-14 21:21:03,986 INFO sqlalchemy.engine.base.Engine ()
2017-08-14 21:21:03,989 INFO sqlalchemy.engine.base.Engine SELECT CAST('test unicode returns' AS CHAR(60)) AS anon_1
2017-08-14 21:21:03,989 INFO sqlalchemy.engine.base.Engine ()
2017-08-14 21:21:03,990 INFO sqlalchemy.engine.base.Engine SELECT CAST('test collated returns' AS CHAR CHARACTER SET utf8) COLLATE utf8_bin AS anon_1
2017-08-14 21:21:03,990 INFO sqlalchemy.engine.base.Engine ()
2017-08-14 21:21:03,992 INFO sqlalchemy.engine.base.Engine BEGIN (implicit)
2017-08-14 21:21:03,993 INFO sqlalchemy.engine.base.Engine SELECT blog.id AS blog_id, blog.title AS blog_title, blog.body AS blog_body, blog.img AS blog_img, blog.gmt_create AS blog_gmt_create, blog.is_recommend AS blog_is_recommend, blog.author_id AS blog_author_id 
FROM blog ORDER BY blog.id DESC
2017-08-14 21:21:03,993 INFO sqlalchemy.engine.base.Engine ()
2017-08-14 21:21:03,995 INFO sqlalchemy.engine.base.Engine SELECT blog.id AS blog_id, blog.title AS blog_title, blog.body AS blog_body, blog.img AS blog_img, blog.gmt_create AS blog_gmt_create, blog.is_recommend AS blog_is_recommend, blog.author_id AS blog_author_id 
FROM blog 
WHERE blog.is_recommend = %s ORDER BY blog.id DESC
2017-08-14 21:21:03,995 INFO sqlalchemy.engine.base.Engine (1,)
2017-08-14 21:21:04,050 INFO sqlalchemy.engine.base.Engine INSERT INTO ip (ip) VALUES (%s)
2017-08-14 21:21:04,050 INFO sqlalchemy.engine.base.Engine ('183.156.104.205',)
2017-08-14 21:21:04,052 INFO sqlalchemy.engine.base.Engine COMMIT
[pid: 15247|app: 0|req: 1/1] 183.156.104.205 () {42 vars in 854 bytes} [Mon Aug 14 21:21:03 2017] GET / => generated 10452 bytes in 114 msecs (HTTP/1.1 200) 3 headers in 253 bytes (1 switches on core 0)
2017-08-14 21:21:07,123 INFO sqlalchemy.engine.base.Engine BEGIN (implicit)
2017-08-14 21:21:07,124 INFO sqlalchemy.engine.base.Engine SELECT blog.id AS blog_id, blog.title AS blog_title, blog.body AS blog_body, blog.img AS blog_img, blog.gmt_create AS blog_gmt_create, blog.is_recommend AS blog_is_recommend, blog.author_id AS blog_author_id 
FROM blog ORDER BY blog.id DESC
2017-08-14 21:21:07,124 INFO sqlalchemy.engine.base.Engine ()
2017-08-14 21:21:07,127 INFO sqlalchemy.engine.base.Engine SELECT blog.id AS blog_id, blog.title AS blog_title, blog.body AS blog_body, blog.img AS blog_img, blog.gmt_create AS blog_gmt_create, blog.is_recommend AS blog_is_recommend, blog.author_id AS blog_author_id 
FROM blog 
WHERE blog.is_recommend = %s ORDER BY blog.id DESC
2017-08-14 21:21:07,127 INFO sqlalchemy.engine.base.Engine (1,)
2017-08-14 21:21:07,131 INFO sqlalchemy.engine.base.Engine INSERT INTO ip (ip) VALUES (%s)
2017-08-14 21:21:07,131 INFO sqlalchemy.engine.base.Engine ('183.156.104.205',)
2017-08-14 21:21:07,132 INFO sqlalchemy.engine.base.Engine COMMIT
[pid: 15247|app: 0|req: 2/2] 183.156.104.205 () {44 vars in 892 bytes} [Mon Aug 14 21:21:07 2017] GET / => generated 10452 bytes in 17 msecs (HTTP/1.1 200) 3 headers in 253 bytes (1 switches on core 0)
./app/views/auth.py:44: FlaskWTFDeprecationWarning: "flask_wtf.Form" has been renamed to "FlaskForm" and will be removed in 1.0.
  form = LoginForm()
[pid: 15247|app: 0|req: 3/3] 183.156.104.205 () {44 vars in 912 bytes} [Mon Aug 14 21:21:08 2017] GET /auth/login => generated 6570 bytes in 12 msecs (HTTP/1.1 200) 3 headers in 252 bytes (1 switches on core 0)
2017-08-14 21:21:08,976 INFO sqlalchemy.engine.base.Engine BEGIN (implicit)
2017-08-14 21:21:08,976 INFO sqlalchemy.engine.base.Engine INSERT INTO ip (ip) VALUES (%s)
2017-08-14 21:21:08,976 INFO sqlalchemy.engine.base.Engine ('183.156.104.205',)
2017-08-14 21:21:08,978 INFO sqlalchemy.engine.base.Engine COMMIT
[pid: 15247|app: 0|req: 4/4] 183.156.104.205 () {44 vars in 912 bytes} [Mon Aug 14 21:21:08 2017] GET /about => generated 6303 bytes in 15 msecs (HTTP/1.1 200) 3 headers in 252 bytes (1 switches on core 0)
2017-08-14 21:21:10,143 INFO sqlalchemy.engine.base.Engine BEGIN (implicit)
2017-08-14 21:21:10,144 INFO sqlalchemy.engine.base.Engine SELECT blog.id AS blog_id, blog.title AS blog_title, blog.body AS blog_body, blog.img AS blog_img, blog.gmt_create AS blog_gmt_create, blog.is_recommend AS blog_is_recommend, blog.author_id AS blog_author_id 
FROM blog ORDER BY blog.id DESC
2017-08-14 21:21:10,144 INFO sqlalchemy.engine.base.Engine ()
2017-08-14 21:21:10,147 INFO sqlalchemy.engine.base.Engine SELECT blog.id AS blog_id, blog.title AS blog_title, blog.body AS blog_body, blog.img AS blog_img, blog.gmt_create AS blog_gmt_create, blog.is_recommend AS blog_is_recommend, blog.author_id AS blog_author_id 
FROM blog 
WHERE blog.is_recommend = %s ORDER BY blog.id DESC
2017-08-14 21:21:10,147 INFO sqlalchemy.engine.base.Engine (1,)
2017-08-14 21:21:10,151 INFO sqlalchemy.engine.base.Engine INSERT INTO ip (ip) VALUES (%s)
2017-08-14 21:21:10,151 INFO sqlalchemy.engine.base.Engine ('183.156.104.205',)
2017-08-14 21:21:10,152 INFO sqlalchemy.engine.base.Engine COMMIT
[pid: 15247|app: 0|req: 5/5] 183.156.104.205 () {44 vars in 897 bytes} [Mon Aug 14 21:21:10 2017] GET / => generated 10452 bytes in 17 msecs (HTTP/1.1 200) 3 headers in 253 bytes (1 switches on core 0)
Gracefully killing worker 1 (pid: 15247)...
